<?xml version="1.0" encoding="UTF-8"?>
<testsuite name="challenge.SubmitTest" tests="6" skipped="0" failures="0" errors="0" timestamp="2019-01-22T00:22:08" hostname="Inspiron-3542" time="5.004">
  <properties/>
  <testcase name="q1" classname="challenge.SubmitTest" time="1.296"/>
  <testcase name="q2" classname="challenge.SubmitTest" time="0.891"/>
  <testcase name="q3" classname="challenge.SubmitTest" time="0.689"/>
  <testcase name="q4" classname="challenge.SubmitTest" time="0.676"/>
  <testcase name="q5" classname="challenge.SubmitTest" time="0.766"/>
  <testcase name="q6" classname="challenge.SubmitTest" time="0.683"/>
  <system-out><![CDATA[]]></system-out>
  <system-err><![CDATA[]]></system-err>
</testsuite>
